app/build/outputs/logs/manifest-merger-debug-report.txt
-- Merging decision tree log ---
manifest
ADDED from src/main/AndroidManifest.xml:2:1-387:12
	package
		ADDED from src/main/AndroidManifest.xml:3:5-27
		INJECTED from src/main/AndroidManifest.xml
		INJECTED from src/main/AndroidManifest.xml
	android:versionName
		INJECTED from src/main/AndroidManifest.xml
		INJECTED from src/main/AndroidManifest.xml
	xmlns:android
		ADDED from src/main/AndroidManifest.xml:2:11-69
	android:versionCode
		INJECTED from src/main/AndroidManifest.xml
		INJECTED from src/main/AndroidManifest.xml
supports-screens
ADDED from src/main/AndroidManifest.xml:10:5-16:57
	android:largeScreens
		ADDED from src/main/AndroidManifest.xml:12:9-36
	android:smallScreens
		ADDED from src/main/AndroidManifest.xml:15:9-36
	android:normalScreens
		ADDED from src/main/AndroidManifest.xml:13:9-37
	android:xlargeScreens
		ADDED from src/main/AndroidManifest.xml:16:9-37
	android:resizeable
		ADDED from src/main/AndroidManifest.xml:14:9-34
	android:anyDensity
		ADDED from src/main/AndroidManifest.xml:11:9-34
compatible-screens
ADDED from src/main/AndroidManifest.xml:18:5-78:26
screen#small+ldpi
ADDED from src/main/AndroidManifest.xml:19:9-21:42
	android:screenDensity
		ADDED from src/main/AndroidManifest.xml:20:13-41
	android:screenSize
		ADDED from src/main/AndroidManifest.xml:21:13-39
screen#small+mdpi
ADDED from src/main/AndroidManifest.xml:22:9-24:42
	android:screenDensity
		ADDED from src/main/AndroidManifest.xml:23:13-41
	android:screenSize
		ADDED from src/main/AndroidManifest.xml:24:13-39
screen#small+hdpi
ADDED from src/main/AndroidManifest.xml:25:9-27:42
	android:screenDensity
		ADDED from src/main/AndroidManifest.xml:26:13-41
	android:screenSize
		ADDED from src/main/AndroidManifest.xml:27:13-39
screen#small+xhdpi
ADDED from src/main/AndroidManifest.xml:28:9-30:42
	android:screenDensity
		ADDED from src/main/AndroidManifest.xml:29:13-42
	android:screenSize
		ADDED from src/main/AndroidManifest.xml:30:13-39
screen#normal+ldpi
ADDED from src/main/AndroidManifest.xml:31:9-33:43
	android:screenDensity
		ADDED from src/main/AndroidManifest.xml:32:13-41
	android:screenSize
		ADDED from src/main/AndroidManifest.xml:33:13-40
screen#normal+mdpi
ADDED from src/main/AndroidManifest.xml:34:9-36:43
	android:screenDensity
		ADDED from src/main/AndroidManifest.xml:35:13-41
	android:screenSize
		ADDED from src/main/AndroidManifest.xml:36:13-40
screen#normal+hdpi
ADDED from src/main/AndroidManifest.xml:37:9-39:43
	android:screenDensity
		ADDED from src/main/AndroidManifest.xml:38:13-41
	android:screenSize
		ADDED from src/main/AndroidManifest.xml:39:13-40
screen#normal+xhdpi
ADDED from src/main/AndroidManifest.xml:40:9-42:43
	android:screenDensity
		ADDED from src/main/AndroidManifest.xml:41:13-42
	android:screenSize
		ADDED from src/main/AndroidManifest.xml:42:13-40
screen#large+ldpi
ADDED from src/main/AndroidManifest.xml:43:9-45:42
	android:screenDensity
		ADDED from src/main/AndroidManifest.xml:44:13-41
	android:screenSize
		ADDED from src/main/AndroidManifest.xml:45:13-39
screen#large+mdpi
ADDED from src/main/AndroidManifest.xml:46:9-48:42
	android:screenDensity
		ADDED from src/main/AndroidManifest.xml:47:13-41
	android:screenSize
		ADDED from src/main/AndroidManifest.xml:48:13-39
screen#large+hdpi
ADDED from src/main/AndroidManifest.xml:49:9-51:42
	android:screenDensity
		ADDED from src/main/AndroidManifest.xml:50:13-41
	android:screenSize
		ADDED from src/main/AndroidManifest.xml:51:13-39
screen#large+xhdpi
ADDED from src/main/AndroidManifest.xml:52:9-54:42
	android:screenDensity
		ADDED from src/main/AndroidManifest.xml:53:13-42
	android:screenSize
		ADDED from src/main/AndroidManifest.xml:54:13-39
screen#xlarge+ldpi
ADDED from src/main/AndroidManifest.xml:55:9-57:43
	android:screenDensity
		ADDED from src/main/AndroidManifest.xml:56:13-41
	android:screenSize
		ADDED from src/main/AndroidManifest.xml:57:13-40
screen#xlarge+mdpi
ADDED from src/main/AndroidManifest.xml:58:9-60:43
	android:screenDensity
		ADDED from src/main/AndroidManifest.xml:59:13-41
	android:screenSize
		ADDED from src/main/AndroidManifest.xml:60:13-40
screen#xlarge+hdpi
ADDED from src/main/AndroidManifest.xml:61:9-63:43
	android:screenDensity
		ADDED from src/main/AndroidManifest.xml:62:13-41
	android:screenSize
		ADDED from src/main/AndroidManifest.xml:63:13-40
screen#xlarge+xhdpi
ADDED from src/main/AndroidManifest.xml:64:9-66:43
	android:screenDensity
		ADDED from src/main/AndroidManifest.xml:65:13-42
	android:screenSize
		ADDED from src/main/AndroidManifest.xml:66:13-40
screen#normal+480
ADDED from src/main/AndroidManifest.xml:69:9-71:43
	android:screenDensity
		ADDED from src/main/AndroidManifest.xml:70:13-40
	android:screenSize
		ADDED from src/main/AndroidManifest.xml:71:13-40
screen#large+213
ADDED from src/main/AndroidManifest.xml:72:9-74:42
	android:screenDensity
		ADDED from src/main/AndroidManifest.xml:73:13-40
	android:screenSize
		ADDED from src/main/AndroidManifest.xml:74:13-39
screen#large+480
ADDED from src/main/AndroidManifest.xml:75:9-77:42
	android:screenDensity
		ADDED from src/main/AndroidManifest.xml:76:13-40
	android:screenSize
		ADDED from src/main/AndroidManifest.xml:77:13-39
uses-permission#android.permission.WRITE_SETTINGS
ADDED from src/main/AndroidManifest.xml:80:5-73
	android:name
		ADDED from src/main/AndroidManifest.xml:80:22-70
uses-permission#android.permission.MODIFY_AUDIO_SETTINGS
ADDED from src/main/AndroidManifest.xml:81:5-80
	android:name
		ADDED from src/main/AndroidManifest.xml:81:22-77
uses-permission#android.permission.WRITE_EXTERNAL_STORAGE
ADDED from src/main/AndroidManifest.xml:82:5-81
	android:name
		ADDED from src/main/AndroidManifest.xml:82:22-78
uses-permission#android.permission.CHANGE_NETWORK_STATE
ADDED from src/main/AndroidManifest.xml:83:5-79
	android:name
		ADDED from src/main/AndroidManifest.xml:83:22-76
uses-permission#android.permission.INTERNET
ADDED from src/main/AndroidManifest.xml:84:5-67
MERGED from [com.google.android.gms:play-services-ads:8.4.0] AndroidManifest.xml:20:5-66
MERGED from [com.google.android.gms:play-services-analytics:8.4.0] AndroidManifest.xml:21:5-67
MERGED from [com.google.android.gms:play-services-appinvite:8.4.0] AndroidManifest.xml:19:5-67
MERGED from [com.google.android.gms:play-services-maps:8.4.0] AndroidManifest.xml:21:5-66
MERGED from [com.google.android.gms:play-services-gcm:8.4.0] AndroidManifest.xml:22:5-67
MERGED from [com.google.android.gms:play-services-measurement:8.4.0] AndroidManifest.xml:21:5-67
	android:name
		ADDED from src/main/AndroidManifest.xml:84:22-64
uses-permission#android.permission.ACCESS_NETWORK_STATE
ADDED from src/main/AndroidManifest.xml:85:5-79
MERGED from [com.google.android.gms:play-services-ads:8.4.0] AndroidManifest.xml:21:5-78
MERGED from [com.google.android.gms:play-services-analytics:8.4.0] AndroidManifest.xml:22:5-79
MERGED from [com.google.android.gms:play-services-maps:8.4.0] AndroidManifest.xml:20:5-78
MERGED from [com.google.android.gms:play-services-measurement:8.4.0] AndroidManifest.xml:22:5-79
MERGED from [com.google.android.gms:play-services-nearby:8.4.0] AndroidManifest.xml:19:5-79
	android:name
		ADDED from src/main/AndroidManifest.xml:85:22-76
uses-permission#android.permission.SEND_SMS
ADDED from src/main/AndroidManifest.xml:86:5-67
	android:name
		ADDED from src/main/AndroidManifest.xml:86:22-64
uses-permission#android.permission.RECEIVE_SMS
ADDED from src/main/AndroidManifest.xml:87:5-70
	android:name
		ADDED from src/main/AndroidManifest.xml:87:22-67
uses-permission#android.permission.ACCESS_COARSE_LOCATION
ADDED from src/main/AndroidManifest.xml:88:5-81
	android:name
		ADDED from src/main/AndroidManifest.xml:88:22-78
uses-permission#android.permission.ACCESS_FINE_LOCATION
ADDED from src/main/AndroidManifest.xml:89:5-79
	android:name
		ADDED from src/main/AndroidManifest.xml:89:22-76
uses-permission#android.permission.READ_PHONE_STATE
ADDED from src/main/AndroidManifest.xml:90:5-75
	android:name
		ADDED from src/main/AndroidManifest.xml:90:22-72
uses-permission#android.permission.READ_CONTACTS
ADDED from src/main/AndroidManifest.xml:91:5-72
	android:name
		ADDED from src/main/AndroidManifest.xml:91:22-69
uses-permission#android.permission.CALL_PHONE
ADDED from src/main/AndroidManifest.xml:92:5-69
	android:name
		ADDED from src/main/AndroidManifest.xml:92:22-66
uses-permission#android.permission.ACCESS_WIFI_STATE
ADDED from src/main/AndroidManifest.xml:93:5-76
	android:name
		ADDED from src/main/AndroidManifest.xml:93:22-73
uses-permission#android.permission.VIBRATE
ADDED from src/main/AndroidManifest.xml:94:5-66
	android:name
		ADDED from src/main/AndroidManifest.xml:94:22-63
uses-permission#com.suraksha.MAPS_RECEIVE
ADDED from src/main/AndroidManifest.xml:95:5-65
	android:name
		ADDED from src/main/AndroidManifest.xml:95:22-62
uses-permission#com.google.android.providers.gsf.permission.READ_GSERVICES
ADDED from src/main/AndroidManifest.xml:96:5-98
	android:name
		ADDED from src/main/AndroidManifest.xml:96:22-95
uses-permission#android.permission.RECEIVE_BOOT_COMPLETED
ADDED from src/main/AndroidManifest.xml:97:5-81
	android:name
		ADDED from src/main/AndroidManifest.xml:97:22-78
uses-permission#android.permission.send_respond_via_message
ADDED from src/main/AndroidManifest.xml:98:5-83
	android:name
		ADDED from src/main/AndroidManifest.xml:98:22-80
uses-permission#android.permission.GET_ACCOUNTS
ADDED from src/main/AndroidManifest.xml:99:5-71
	android:name
		ADDED from src/main/AndroidManifest.xml:99:22-68
uses-permission#android.permission.WAKE_LOCK
ADDED from src/main/AndroidManifest.xml:100:5-68
MERGED from [com.google.android.gms:play-services-measurement:8.4.0] AndroidManifest.xml:24:5-67
	android:name
		ADDED from src/main/AndroidManifest.xml:100:22-65
permission#com.suraksha.permission.C2D_MESSAGE
ADDED from src/main/AndroidManifest.xml:102:5-104:47
	android:protectionLevel
		ADDED from src/main/AndroidManifest.xml:104:9-44
	android:name
		ADDED from src/main/AndroidManifest.xml:103:9-59
uses-permission#com.suraksha.permission.C2D_MESSAGE
ADDED from src/main/AndroidManifest.xml:106:5-75
	android:name
		ADDED from src/main/AndroidManifest.xml:106:22-72
uses-permission#com.google.android.c2dm.permission.RECEIVE
ADDED from src/main/AndroidManifest.xml:107:5-82
MERGED from [com.google.android.gms:play-services-gcm:8.4.0] AndroidManifest.xml:21:5-82
	android:name
		ADDED from src/main/AndroidManifest.xml:107:22-79
uses-feature#0x00020000
ADDED from src/main/AndroidManifest.xml:111:5-113:35
MERGED from [com.google.android.gms:play-services-maps:8.4.0] AndroidManifest.xml:22:5-24:33
	android:glEsVersion
		ADDED from src/main/AndroidManifest.xml:112:9-41
	android:required
		ADDED from src/main/AndroidManifest.xml:113:9-32
application
ADDED from src/main/AndroidManifest.xml:115:5-385:19
MERGED from [com.google.android.gms:play-services:8.4.0] AndroidManifest.xml:19:5-20
MERGED from [com.google.android.gms:play-services-ads:8.4.0] AndroidManifest.xml:24:5-32:19
MERGED from [com.google.android.gms:play-services-basement:8.4.0] AndroidManifest.xml:20:5-24:19
MERGED from [com.android.support:support-v4:23.3.0] AndroidManifest.xml:22:5-20
MERGED from [com.google.android.gms:play-services-analytics:8.4.0] AndroidManifest.xml:24:5-20
MERGED from [com.google.android.gms:play-services-appindexing:8.4.0] AndroidManifest.xml:19:5-20
MERGED from [com.google.android.gms:play-services-appinvite:8.4.0] AndroidManifest.xml:20:5-30:19
MERGED from [com.google.android.gms:play-services-appstate:8.4.0] AndroidManifest.xml:19:5-20
MERGED from [com.google.android.gms:play-services-auth:8.4.0] AndroidManifest.xml:20:5-32:19
MERGED from [com.google.android.gms:play-services-cast:8.4.0] AndroidManifest.xml:19:5-20
MERGED from [com.android.support:mediarouter-v7:23.0.0] AndroidManifest.xml:22:5-20
MERGED from [com.android.support:appcompat-v7:23.3.0] AndroidManifest.xml:25:5-20
MERGED from [com.android.support:support-vector-drawable:23.3.0] AndroidManifest.xml:7:5-20
MERGED from [com.android.support:animated-vector-drawable:23.3.0] AndroidManifest.xml:7:5-20
MERGED from [com.google.android.gms:play-services-drive:8.4.0] AndroidManifest.xml:19:5-20
MERGED from [com.google.android.gms:play-services-fitness:8.4.0] AndroidManifest.xml:19:5-20
MERGED from [com.google.android.gms:play-services-location:8.4.0] AndroidManifest.xml:19:5-20
MERGED from [com.google.android.gms:play-services-maps:8.4.0] AndroidManifest.xml:27:5-20
MERGED from [com.google.android.gms:play-services-games:8.4.0] AndroidManifest.xml:19:5-20
MERGED from [com.google.android.gms:play-services-gcm:8.4.0] AndroidManifest.xml:24:5-20
MERGED from [com.google.android.gms:play-services-measurement:8.4.0] AndroidManifest.xml:26:5-46:19
MERGED from [com.google.android.gms:play-services-identity:8.4.0] AndroidManifest.xml:19:5-20
MERGED from [com.google.android.gms:play-services-nearby:8.4.0] AndroidManifest.xml:20:5-20
MERGED from [com.google.android.gms:play-services-panorama:8.4.0] AndroidManifest.xml:19:5-20
MERGED from [com.google.android.gms:play-services-plus:8.4.0] AndroidManifest.xml:19:5-20
MERGED from [com.google.android.gms:play-services-safetynet:8.4.0] AndroidManifest.xml:19:5-20
MERGED from [com.google.android.gms:play-services-vision:8.4.0] AndroidManifest.xml:5:5-20
MERGED from [com.google.android.gms:play-services-wearable:8.4.0] AndroidManifest.xml:19:5-20
MERGED from [com.mcxiaoke.volley:library-aar:1.0.0] AndroidManifest.xml:5:5-19
MERGED from [com.android.support:design:23.3.0] AndroidManifest.xml:22:5-20
MERGED from [com.android.support:cardview-v7:24.2.1] AndroidManifest.xml:22:5-20
	android:label
		ADDED from src/main/AndroidManifest.xml:118:9-41
	android:allowBackup
		ADDED from src/main/AndroidManifest.xml:116:9-35
	android:icon
		ADDED from src/main/AndroidManifest.xml:117:9-44
	android:theme
		ADDED from src/main/AndroidManifest.xml:119:9-44
meta-data#com.google.android.maps.v2.API_KEY
ADDED from src/main/AndroidManifest.xml:120:9-122:71
	android:value
		ADDED from src/main/AndroidManifest.xml:122:13-68
	android:name
		ADDED from src/main/AndroidManifest.xml:121:13-62
activity#com.suraksha.Preloader
ADDED from src/main/AndroidManifest.xml:124:9-135:20
	android:label
		ADDED from src/main/AndroidManifest.xml:127:13-45
	android:launchMode
		ADDED from src/main/AndroidManifest.xml:128:13-44
	android:configChanges
		ADDED from src/main/AndroidManifest.xml:126:13-74
	android:theme
		ADDED from src/main/AndroidManifest.xml:129:13-66
	android:name
		ADDED from src/main/AndroidManifest.xml:125:13-38
intent-filter#android.intent.action.MAIN+android.intent.category.LAUNCHER
ADDED from src/main/AndroidManifest.xml:130:13-134:29
action#android.intent.action.MAIN
ADDED from src/main/AndroidManifest.xml:131:17-69
	android:name
		ADDED from src/main/AndroidManifest.xml:131:25-66
category#android.intent.category.LAUNCHER
ADDED from src/main/AndroidManifest.xml:133:17-77
	android:name
		ADDED from src/main/AndroidManifest.xml:133:27-74
activity#com.suraksha.Registration
ADDED from src/main/AndroidManifest.xml:136:9-139:76
	android:label
		ADDED from src/main/AndroidManifest.xml:139:13-64
	android:configChanges
		ADDED from src/main/AndroidManifest.xml:138:13-74
	android:name
		ADDED from src/main/AndroidManifest.xml:137:13-41
activity#com.suraksha.Fill_user_details
ADDED from src/main/AndroidManifest.xml:140:9-148:20
	android:label
		ADDED from src/main/AndroidManifest.xml:143:13-69
	android:parentActivityName
		ADDED from src/main/AndroidManifest.xml:144:13-55
	android:configChanges
		ADDED from src/main/AndroidManifest.xml:142:13-74
	android:name
		ADDED from src/main/AndroidManifest.xml:141:13-46
meta-data#android.support.PARENT_ACTIVITY
ADDED from src/main/AndroidManifest.xml:145:13-147:61
	android:value
		ADDED from src/main/AndroidManifest.xml:147:17-58
	android:name
		ADDED from src/main/AndroidManifest.xml:146:17-63
activity#com.suraksha.Fill_emergency_numbers
ADDED from src/main/AndroidManifest.xml:149:9-157:20
	android:label
		ADDED from src/main/AndroidManifest.xml:152:13-74
	android:parentActivityName
		ADDED from src/main/AndroidManifest.xml:153:13-59
	android:configChanges
		ADDED from src/main/AndroidManifest.xml:151:13-74
	android:name
		ADDED from src/main/AndroidManifest.xml:150:13-51
activity#com.suraksha.OTP_verification
ADDED from src/main/AndroidManifest.xml:158:9-166:20
	android:label
		ADDED from src/main/AndroidManifest.xml:161:13-68
	android:parentActivityName
		ADDED from src/main/AndroidManifest.xml:162:13-55
	android:configChanges
		ADDED from src/main/AndroidManifest.xml:160:13-74
	android:name
		ADDED from src/main/AndroidManifest.xml:159:13-45
activity#com.suraksha.Home
ADDED from src/main/AndroidManifest.xml:167:9-172:56
	android:screenOrientation
		ADDED from src/main/AndroidManifest.xml:171:13-49
	android:label
		ADDED from src/main/AndroidManifest.xml:170:13-56
	android:configChanges
		ADDED from src/main/AndroidManifest.xml:169:13-74
	android:theme
		ADDED from src/main/AndroidManifest.xml:172:13-44
	android:name
		ADDED from src/main/AndroidManifest.xml:168:13-33
activity#com.suraksha.SettingsFragment
ADDED from src/main/AndroidManifest.xml:173:9-182:20
	android:screenOrientation
		ADDED from src/main/AndroidManifest.xml:178:13-49
	android:label
		ADDED from src/main/AndroidManifest.xml:176:13-60
	android:parentActivityName
		ADDED from src/main/AndroidManifest.xml:177:13-47
	android:configChanges
		ADDED from src/main/AndroidManifest.xml:175:13-74
	android:name
		ADDED from src/main/AndroidManifest.xml:174:13-45
activity#com.suraksha.HelpFragment
ADDED from src/main/AndroidManifest.xml:183:9-191:20
	android:label
		ADDED from src/main/AndroidManifest.xml:186:13-56
	android:parentActivityName
		ADDED from src/main/AndroidManifest.xml:187:13-47
	android:configChanges
		ADDED from src/main/AndroidManifest.xml:185:13-74
	android:name
		ADDED from src/main/AndroidManifest.xml:184:13-41
activity#com.suraksha.Mapplaces
ADDED from src/main/AndroidManifest.xml:192:9-202:20
	android:screenOrientation
		ADDED from src/main/AndroidManifest.xml:197:13-49
	android:label
		ADDED from src/main/AndroidManifest.xml:195:13-66
	android:parentActivityName
		ADDED from src/main/AndroidManifest.xml:196:13-47
	android:configChanges
		ADDED from src/main/AndroidManifest.xml:194:13-74
	android:theme
		ADDED from src/main/AndroidManifest.xml:198:13-48
	android:name
		ADDED from src/main/AndroidManifest.xml:193:13-38
service#com.suraksha.MyService
ADDED from src/main/AndroidManifest.xml:204:9-206:43
	android:process
		ADDED from src/main/AndroidManifest.xml:206:13-40
	android:name
		ADDED from src/main/AndroidManifest.xml:205:13-38
service#com.suraksha.Shaker_Service_updated
ADDED from src/main/AndroidManifest.xml:207:9-209:40
	android:process
		ADDED from src/main/AndroidManifest.xml:209:13-37
	android:name
		ADDED from src/main/AndroidManifest.xml:208:13-51
activity#com.suraksha.Sensorcallingevent
ADDED from src/main/AndroidManifest.xml:216:9-219:82
	android:label
		ADDED from src/main/AndroidManifest.xml:219:13-70
	android:configChanges
		ADDED from src/main/AndroidManifest.xml:218:13-74
	android:name
		ADDED from src/main/AndroidManifest.xml:217:13-47
activity#com.suraksha.CountdownActivity
ADDED from src/main/AndroidManifest.xml:220:9-223:68
	android:configChanges
		ADDED from src/main/AndroidManifest.xml:222:13-74
	android:theme
		ADDED from src/main/AndroidManifest.xml:223:13-56
	android:name
		ADDED from src/main/AndroidManifest.xml:221:13-46
activity#com.suraksha.Landingpage
ADDED from src/main/AndroidManifest.xml:224:9-228:83
	android:label
		ADDED from src/main/AndroidManifest.xml:227:13-63
	android:configChanges
		ADDED from src/main/AndroidManifest.xml:226:13-74
	android:theme
		ADDED from src/main/AndroidManifest.xml:228:13-71
	android:name
		ADDED from src/main/AndroidManifest.xml:225:13-40
activity#com.suraksha.attachment_dialog
ADDED from src/main/AndroidManifest.xml:229:9-232:72
	android:label
		ADDED from src/main/AndroidManifest.xml:232:13-60
	android:configChanges
		ADDED from src/main/AndroidManifest.xml:231:13-74
	android:name
		ADDED from src/main/AndroidManifest.xml:230:13-46
activity#com.suraksha.Add_circles
ADDED from src/main/AndroidManifest.xml:233:9-241:20
	android:label
		ADDED from src/main/AndroidManifest.xml:236:13-63
	android:parentActivityName
		ADDED from src/main/AndroidManifest.xml:237:13-52
	android:configChanges
		ADDED from src/main/AndroidManifest.xml:235:13-74
	android:name
		ADDED from src/main/AndroidManifest.xml:234:13-40
activity#com.suraksha.Add_members
ADDED from src/main/AndroidManifest.xml:242:9-245:75
	android:label
		ADDED from src/main/AndroidManifest.xml:245:13-63
	android:configChanges
		ADDED from src/main/AndroidManifest.xml:244:13-74
	android:name
		ADDED from src/main/AndroidManifest.xml:243:13-40
activity#com.suraksha.Social_circle
ADDED from src/main/AndroidManifest.xml:246:9-254:20
	android:label
		ADDED from src/main/AndroidManifest.xml:249:13-62
	android:parentActivityName
		ADDED from src/main/AndroidManifest.xml:250:13-52
	android:configChanges
		ADDED from src/main/AndroidManifest.xml:248:13-74
	android:name
		ADDED from src/main/AndroidManifest.xml:247:13-42
activity#com.suraksha.Show_attachments
ADDED from src/main/AndroidManifest.xml:255:9-263:20
	android:label
		ADDED from src/main/AndroidManifest.xml:258:13-68
	android:parentActivityName
		ADDED from src/main/AndroidManifest.xml:259:13-59
	android:configChanges
		ADDED from src/main/AndroidManifest.xml:257:13-74
	android:name
		ADDED from src/main/AndroidManifest.xml:256:13-45
activity#com.suraksha.AdFormFragment
ADDED from src/main/AndroidManifest.xml:264:9-272:20
	android:label
		ADDED from src/main/AndroidManifest.xml:267:13-59
	android:parentActivityName
		ADDED from src/main/AndroidManifest.xml:268:13-47
	android:configChanges
		ADDED from src/main/AndroidManifest.xml:266:13-74
	android:name
		ADDED from src/main/AndroidManifest.xml:265:13-43
activity#com.suraksha.Adsearch_details
ADDED from src/main/AndroidManifest.xml:273:9-281:20
	android:label
		ADDED from src/main/AndroidManifest.xml:276:13-68
	android:parentActivityName
		ADDED from src/main/AndroidManifest.xml:277:13-47
	android:configChanges
		ADDED from src/main/AndroidManifest.xml:275:13-74
	android:name
		ADDED from src/main/AndroidManifest.xml:274:13-45
activity#com.suraksha.BadgesFragment
ADDED from src/main/AndroidManifest.xml:282:9-290:20
	android:label
		ADDED from src/main/AndroidManifest.xml:285:13-44
	android:parentActivityName
		ADDED from src/main/AndroidManifest.xml:286:13-47
	android:configChanges
		ADDED from src/main/AndroidManifest.xml:284:13-74
	android:name
		ADDED from src/main/AndroidManifest.xml:283:13-43
activity#com.suraksha.Add_new_broadcast
ADDED from src/main/AndroidManifest.xml:291:9-299:20
	android:label
		ADDED from src/main/AndroidManifest.xml:294:13-64
	android:parentActivityName
		ADDED from src/main/AndroidManifest.xml:295:13-47
	android:configChanges
		ADDED from src/main/AndroidManifest.xml:293:13-74
	android:name
		ADDED from src/main/AndroidManifest.xml:292:13-46
activity#com.suraksha.ViewOffersFragment
ADDED from src/main/AndroidManifest.xml:300:9-308:20
	android:label
		ADDED from src/main/AndroidManifest.xml:303:13-44
	android:parentActivityName
		ADDED from src/main/AndroidManifest.xml:304:13-57
	android:configChanges
		ADDED from src/main/AndroidManifest.xml:302:13-74
	android:name
		ADDED from src/main/AndroidManifest.xml:301:13-47
activity#com.suraksha.RedemedHistory
ADDED from src/main/AndroidManifest.xml:309:9-317:20
	android:label
		ADDED from src/main/AndroidManifest.xml:312:13-44
	android:parentActivityName
		ADDED from src/main/AndroidManifest.xml:313:13-57
	android:configChanges
		ADDED from src/main/AndroidManifest.xml:311:13-74
	android:name
		ADDED from src/main/AndroidManifest.xml:310:13-43
activity#com.suraksha.BroadCastMessageUserDetail
ADDED from src/main/AndroidManifest.xml:318:9-325:20
	android:parentActivityName
		ADDED from src/main/AndroidManifest.xml:321:13-47
	android:configChanges
		ADDED from src/main/AndroidManifest.xml:320:13-74
	android:name
		ADDED from src/main/AndroidManifest.xml:319:13-55
activity#com.suraksha.ShareFragment
ADDED from src/main/AndroidManifest.xml:326:9-334:20
	android:label
		ADDED from src/main/AndroidManifest.xml:329:13-42
	android:parentActivityName
		ADDED from src/main/AndroidManifest.xml:330:13-47
	android:configChanges
		ADDED from src/main/AndroidManifest.xml:328:13-74
	android:name
		ADDED from src/main/AndroidManifest.xml:327:13-42
activity#com.suraksha.AboutUsFragment
ADDED from src/main/AndroidManifest.xml:335:9-343:20
	android:label
		ADDED from src/main/AndroidManifest.xml:338:13-44
	android:parentActivityName
		ADDED from src/main/AndroidManifest.xml:339:13-47
	android:configChanges
		ADDED from src/main/AndroidManifest.xml:337:13-74
	android:name
		ADDED from src/main/AndroidManifest.xml:336:13-44
activity#com.ticktick.imagecropper.CropImageActivity
ADDED from src/main/AndroidManifest.xml:344:9-80
	android:name
		ADDED from src/main/AndroidManifest.xml:344:19-77
activity#com.google.android.gms.ads.AdActivity
ADDED from src/main/AndroidManifest.xml:345:9-347:125
MERGED from [com.google.android.gms:play-services-ads:8.4.0] AndroidManifest.xml:26:9-29:64
	android:configChanges
		ADDED from src/main/AndroidManifest.xml:347:13-122
	android:theme
		ADDED from [com.google.android.gms:play-services-ads:8.4.0] AndroidManifest.xml:29:13-61
	android:name
		ADDED from src/main/AndroidManifest.xml:346:13-65
receiver#com.suraksha.BootCompletedIntentReceiver
ADDED from src/main/AndroidManifest.xml:349:9-353:20
	android:name
		ADDED from src/main/AndroidManifest.xml:349:19-62
intent-filter#android.intent.action.BOOT_COMPLETED
ADDED from src/main/AndroidManifest.xml:350:13-352:29
action#android.intent.action.BOOT_COMPLETED
ADDED from src/main/AndroidManifest.xml:351:17-79
	android:name
		ADDED from src/main/AndroidManifest.xml:351:25-76
receiver#com.suraksha.RestartServiceReceiver
ADDED from src/main/AndroidManifest.xml:354:9-358:20
	android:name
		ADDED from src/main/AndroidManifest.xml:354:19-57
intent-filter#YouWillNeverKillMe
ADDED from src/main/AndroidManifest.xml:355:13-357:29
action#YouWillNeverKillMe
ADDED from src/main/AndroidManifest.xml:356:17-68
	android:name
		ADDED from src/main/AndroidManifest.xml:356:25-58
receiver#com.reciverandservice.ShekerServiceReciver
ADDED from src/main/AndroidManifest.xml:359:9-363:20
	android:name
		ADDED from src/main/AndroidManifest.xml:359:19-76
receiver#com.reciverandservice.GcmBroadcastReceiver
ADDED from src/main/AndroidManifest.xml:364:9-373:20
	android:permission
		ADDED from src/main/AndroidManifest.xml:366:13-73
	android:name
		ADDED from src/main/AndroidManifest.xml:365:13-70
intent-filter#com.google.android.c2dm.intent.RECEIVE+com.google.android.c2dm.intent.REGISTRATION+com.suraksha
ADDED from src/main/AndroidManifest.xml:367:13-372:29
action#com.google.android.c2dm.intent.RECEIVE
ADDED from src/main/AndroidManifest.xml:368:17-81
	android:name
		ADDED from src/main/AndroidManifest.xml:368:25-78
action#com.google.android.c2dm.intent.REGISTRATION
ADDED from src/main/AndroidManifest.xml:369:17-86
	android:name
		ADDED from src/main/AndroidManifest.xml:369:25-83
category#com.suraksha
ADDED from src/main/AndroidManifest.xml:371:17-57
	android:name
		ADDED from src/main/AndroidManifest.xml:371:27-54
service#com.reciverandservice.GCMNotificationIntentService
ADDED from src/main/AndroidManifest.xml:375:9-86
	android:name
		ADDED from src/main/AndroidManifest.xml:375:18-83
service#com.suraksha.ShakeDetector
ADDED from src/main/AndroidManifest.xml:377:9-380:40
	android:enabled
		ADDED from src/main/AndroidManifest.xml:379:13-35
	android:exported
		ADDED from src/main/AndroidManifest.xml:380:13-37
	android:name
		ADDED from src/main/AndroidManifest.xml:378:13-42
activity#com.suraksha.ShakeSetting
ADDED from src/main/AndroidManifest.xml:382:9-384:15
	android:parentActivityName
		ADDED from src/main/AndroidManifest.xml:383:13-59
	android:name
		ADDED from src/main/AndroidManifest.xml:382:19-47
uses-sdk
INJECTED from src/main/AndroidManifest.xml reason: use-sdk injection requested
MERGED from [com.google.android.gms:play-services:8.4.0] AndroidManifest.xml:18:5-42
MERGED from [com.google.android.gms:play-services-ads:8.4.0] AndroidManifest.xml:23:5-42
MERGED from [com.google.android.gms:play-services-basement:8.4.0] AndroidManifest.xml:18:5-42
MERGED from [com.android.support:support-v4:23.3.0] AndroidManifest.xml:20:5-43
MERGED from [com.google.android.gms:play-services-analytics:8.4.0] AndroidManifest.xml:18:5-42
MERGED from [com.google.android.gms:play-services-appindexing:8.4.0] AndroidManifest.xml:18:5-42
MERGED from [com.google.android.gms:play-services-base:8.4.0] AndroidManifest.xml:18:5-42
MERGED from [com.google.android.gms:play-services-appinvite:8.4.0] AndroidManifest.xml:18:5-42
MERGED from [com.google.android.gms:play-services-appstate:8.4.0] AndroidManifest.xml:18:5-42
MERGED from [com.google.android.gms:play-services-auth:8.4.0] AndroidManifest.xml:18:5-43
MERGED from [com.google.android.gms:play-services-cast:8.4.0] AndroidManifest.xml:18:5-42
MERGED from [com.android.support:mediarouter-v7:23.0.0] AndroidManifest.xml:20:5-43
MERGED from [com.android.support:appcompat-v7:23.3.0] AndroidManifest.xml:21:5-23:78
MERGED from [com.android.support:support-vector-drawable:23.3.0] AndroidManifest.xml:5:5-43
MERGED from [com.android.support:animated-vector-drawable:23.3.0] AndroidManifest.xml:5:5-44
MERGED from [com.google.android.gms:play-services-drive:8.4.0] AndroidManifest.xml:18:5-42
MERGED from [com.google.android.gms:play-services-fitness:8.4.0] AndroidManifest.xml:18:5-42
MERGED from [com.google.android.gms:play-services-location:8.4.0] AndroidManifest.xml:18:5-42
MERGED from [com.google.android.gms:play-services-maps:8.4.0] AndroidManifest.xml:26:5-42